<?xml version="1.0" encoding="UTF-8"?>
<!-- Generated by org.testng.reporters.JUnitReportReporter -->
<testsuite hostname="MAVLT1147" failures="0" tests="1" name="test.Test_google" time="11.654" errors="0" timestamp="2022-09-07T10:14:25 IST" skipped="0">
  <testcase classname="test.Test_google" name="test" time="11.654"/>
  <system-out/>
</testsuite> <!-- test.Test_google -->
