<?xml version="1.0" encoding="UTF-8"?>
<!-- Generated by org.testng.reporters.JUnitReportReporter -->
<testsuite hostname="MAVLT1147" failures="0" tests="1" name="test.Testng_google" time="7.701" errors="0" timestamp="2022-09-07T11:29:41 IST" skipped="0">
  <testcase classname="test.Testng_google" name="test" time="7.701"/>
  <system-out/>
</testsuite> <!-- test.Testng_google -->
